<?xml version="1.0" encoding="UTF-8"?>
<coverage generated="1555913893532" clover="3.2.0">
  <project timestamp="1555913893533" name="All files">
    <metrics statements="30" coveredstatements="22" conditionals="21" coveredconditionals="10" methods="6" coveredmethods="5" elements="57" coveredelements="37" complexity="0" loc="30" ncloc="30" packages="2" files="4" classes="4"/>
    <package name="js">
      <metrics statements="23" coveredstatements="17" conditionals="14" coveredconditionals="7" methods="4" coveredmethods="3"/>
      <file name="constants.js" path="D:\projects\react_pet\src\js\constants.js">
        <metrics statements="6" coveredstatements="6" conditionals="0" coveredconditionals="0" methods="0" coveredmethods="0"/>
        <line num="1" count="2" type="stmt"/>
        <line num="6" count="2" type="stmt"/>
        <line num="11" count="2" type="stmt"/>
        <line num="13" count="2" type="stmt"/>
        <line num="15" count="2" type="stmt"/>
        <line num="17" count="2" type="stmt"/>
      </file>
      <file name="helpers.js" path="D:\projects\react_pet\src\js\helpers.js">
        <metrics statements="17" coveredstatements="11" conditionals="14" coveredconditionals="7" methods="4" coveredmethods="3"/>
        <line num="3" count="1" type="stmt"/>
        <line num="9" count="0" type="cond" truecount="0" falsecount="2"/>
        <line num="10" count="0" type="stmt"/>
        <line num="13" count="0" type="cond" truecount="0" falsecount="2"/>
        <line num="14" count="0" type="stmt"/>
        <line num="17" count="0" type="stmt"/>
        <line num="20" count="1" type="stmt"/>
        <line num="21" count="1" type="cond" truecount="1" falsecount="1"/>
        <line num="22" count="1" type="stmt"/>
        <line num="24" count="0" type="stmt"/>
        <line num="27" count="1" type="stmt"/>
        <line num="28" count="3" type="stmt"/>
        <line num="29" count="3" type="cond" truecount="4" falsecount="0"/>
        <line num="30" count="1" type="stmt"/>
        <line num="31" count="2" type="cond" truecount="2" falsecount="0"/>
        <line num="33" count="1" type="stmt"/>
        <line num="35" count="2" type="stmt"/>
      </file>
    </package>
    <package name="reducers">
      <metrics statements="7" coveredstatements="5" conditionals="7" coveredconditionals="3" methods="2" coveredmethods="2"/>
      <file name="filterReducer.js" path="D:\projects\react_pet\src\reducers\filterReducer.js">
        <metrics statements="3" coveredstatements="2" conditionals="3" coveredconditionals="1" methods="1" coveredmethods="1"/>
        <line num="2" count="1" type="cond" truecount="1" falsecount="1"/>
        <line num="4" count="1" type="stmt"/>
        <line num="10" count="0" type="stmt"/>
      </file>
      <file name="searchReducers.js" path="D:\projects\react_pet\src\reducers\searchReducers.js">
        <metrics statements="4" coveredstatements="3" conditionals="4" coveredconditionals="2" methods="1" coveredmethods="1"/>
        <line num="9" count="2" type="cond" truecount="2" falsecount="1"/>
        <line num="11" count="1" type="stmt"/>
        <line num="19" count="1" type="stmt"/>
        <line num="24" count="0" type="stmt"/>
      </file>
    </package>
  </project>
</coverage>
