<?xml version="1.0" encoding="UTF-8"?>
<coverage generated="1554659192455" clover="3.2.0">
  <project timestamp="1554659192455" name="All files">
    <metrics statements="15" coveredstatements="13" conditionals="8" coveredconditionals="7" methods="4" coveredmethods="3" elements="27" coveredelements="23" complexity="0" loc="15" ncloc="15" packages="1" files="2" classes="2"/>
    <file name="constants.js" path="D:\projects\react_pet\src\js\constants.js">
      <metrics statements="2" coveredstatements="2" conditionals="0" coveredconditionals="0" methods="0" coveredmethods="0"/>
      <line num="1" count="1" type="stmt"/>
      <line num="6" count="1" type="stmt"/>
    </file>
    <file name="helpers.js" path="D:\projects\react_pet\src\js\helpers.js">
      <metrics statements="13" coveredstatements="11" conditionals="8" coveredconditionals="7" methods="4" coveredmethods="3"/>
      <line num="3" count="1" type="stmt"/>
      <line num="4" count="0" type="stmt"/>
      <line num="7" count="1" type="stmt"/>
      <line num="8" count="1" type="cond" truecount="1" falsecount="1"/>
      <line num="9" count="1" type="stmt"/>
      <line num="11" count="0" type="stmt"/>
      <line num="14" count="1" type="stmt"/>
      <line num="15" count="3" type="stmt"/>
      <line num="16" count="3" type="cond" truecount="4" falsecount="0"/>
      <line num="17" count="1" type="stmt"/>
      <line num="18" count="2" type="cond" truecount="2" falsecount="0"/>
      <line num="20" count="1" type="stmt"/>
      <line num="22" count="2" type="stmt"/>
    </file>
  </project>
</coverage>
