{"D:\\projects\\react_pet\\src\\js\\constants.js": {"path":"D:\\projects\\react_pet\\src\\js\\constants.js","statementMap":{"0":{"start":{"line":1,"column":18},"end":{"line":4,"column":1}},"1":{"start":{"line":6,"column":16},"end":{"line":9,"column":1}},"2":{"start":{"line":11,"column":18},"end":{"line":11,"column":27}},"3":{"start":{"line":13,"column":21},"end":{"line":13,"column":25}},"4":{"start":{"line":15,"column":24},"end":{"line":15,"column":26}},"5":{"start":{"line":17,"column":16},"end":{"line":17,"column":51}}},"fnMap":{},"branchMap":{},"s":{"0":2,"1":2,"2":2,"3":2,"4":2,"5":2},"f":{},"b":{},"_coverageSchema":"43e27e138ebf9cfc5966b082cf9a028302ed4184","hash":"2b502d799e679f0354bdbb2588fe4016c94b8a3d"}
,"D:\\projects\\react_pet\\src\\js\\helpers.js": {"path":"D:\\projects\\react_pet\\src\\js\\helpers.js","statementMap":{"0":{"start":{"line":3,"column":25},"end":{"line":18,"column":1}},"1":{"start":{"line":9,"column":2},"end":{"line":11,"column":3}},"2":{"start":{"line":10,"column":4},"end":{"line":10,"column":21}},"3":{"start":{"line":13,"column":2},"end":{"line":15,"column":3}},"4":{"start":{"line":14,"column":4},"end":{"line":14,"column":148}},"5":{"start":{"line":17,"column":2},"end":{"line":17,"column":114}},"6":{"start":{"line":20,"column":23},"end":{"line":25,"column":1}},"7":{"start":{"line":21,"column":2},"end":{"line":23,"column":3}},"8":{"start":{"line":22,"column":4},"end":{"line":22,"column":35}},"9":{"start":{"line":24,"column":2},"end":{"line":24,"column":19}},"10":{"start":{"line":27,"column":18},"end":{"line":36,"column":1}},"11":{"start":{"line":28,"column":18},"end":{"line":28,"column":20}},"12":{"start":{"line":29,"column":2},"end":{"line":34,"column":3}},"13":{"start":{"line":30,"column":4},"end":{"line":32,"column":7}},"14":{"start":{"line":31,"column":6},"end":{"line":31,"column":61}},"15":{"start":{"line":33,"column":4},"end":{"line":33,"column":21}},"16":{"start":{"line":35,"column":2},"end":{"line":35,"column":19}}},"fnMap":{"0":{"name":"(anonymous_0)","decl":{"start":{"line":3,"column":25},"end":{"line":3,"column":26}},"loc":{"start":{"line":8,"column":5},"end":{"line":18,"column":1}},"line":8},"1":{"name":"(anonymous_1)","decl":{"start":{"line":20,"column":23},"end":{"line":20,"column":24}},"loc":{"start":{"line":20,"column":38},"end":{"line":25,"column":1}},"line":20},"2":{"name":"(anonymous_2)","decl":{"start":{"line":27,"column":18},"end":{"line":27,"column":19}},"loc":{"start":{"line":27,"column":35},"end":{"line":36,"column":1}},"line":27},"3":{"name":"(anonymous_3)","decl":{"start":{"line":30,"column":26},"end":{"line":30,"column":27}},"loc":{"start":{"line":30,"column":40},"end":{"line":32,"column":5}},"line":30}},"branchMap":{"0":{"loc":{"start":{"line":4,"column":2},"end":{"line":4,"column":28}},"type":"default-arg","locations":[{"start":{"line":4,"column":13},"end":{"line":4,"column":28}}],"line":4},"1":{"loc":{"start":{"line":7,"column":2},"end":{"line":7,"column":10}},"type":"default-arg","locations":[{"start":{"line":7,"column":9},"end":{"line":7,"column":10}}],"line":7},"2":{"loc":{"start":{"line":9,"column":2},"end":{"line":11,"column":3}},"type":"if","locations":[{"start":{"line":9,"column":2},"end":{"line":11,"column":3}},{"start":{"line":9,"column":2},"end":{"line":11,"column":3}}],"line":9},"3":{"loc":{"start":{"line":13,"column":2},"end":{"line":15,"column":3}},"type":"if","locations":[{"start":{"line":13,"column":2},"end":{"line":15,"column":3}},{"start":{"line":13,"column":2},"end":{"line":15,"column":3}}],"line":13},"4":{"loc":{"start":{"line":21,"column":2},"end":{"line":23,"column":3}},"type":"if","locations":[{"start":{"line":21,"column":2},"end":{"line":23,"column":3}},{"start":{"line":21,"column":2},"end":{"line":23,"column":3}}],"line":21},"5":{"loc":{"start":{"line":29,"column":2},"end":{"line":34,"column":3}},"type":"if","locations":[{"start":{"line":29,"column":2},"end":{"line":34,"column":3}},{"start":{"line":29,"column":2},"end":{"line":34,"column":3}}],"line":29},"6":{"loc":{"start":{"line":29,"column":6},"end":{"line":29,"column":47}},"type":"binary-expr","locations":[{"start":{"line":29,"column":6},"end":{"line":29,"column":19}},{"start":{"line":29,"column":23},"end":{"line":29,"column":47}}],"line":29},"7":{"loc":{"start":{"line":31,"column":18},"end":{"line":31,"column":60}},"type":"cond-expr","locations":[{"start":{"line":31,"column":28},"end":{"line":31,"column":33}},{"start":{"line":31,"column":36},"end":{"line":31,"column":60}}],"line":31}},"s":{"0":1,"1":0,"2":0,"3":0,"4":0,"5":0,"6":1,"7":1,"8":1,"9":0,"10":1,"11":3,"12":3,"13":1,"14":2,"15":1,"16":2},"f":{"0":0,"1":1,"2":3,"3":2},"b":{"0":[0],"1":[0],"2":[0,0],"3":[0,0],"4":[1,0],"5":[1,2],"6":[3,2],"7":[1,1]},"_coverageSchema":"43e27e138ebf9cfc5966b082cf9a028302ed4184","hash":"87a69ea52ddcf0486529579074c4172482ceff60"}
,"D:\\projects\\react_pet\\src\\reducers\\filterReducer.js": {"path":"D:\\projects\\react_pet\\src\\reducers\\filterReducer.js","statementMap":{"0":{"start":{"line":2,"column":2},"end":{"line":11,"column":3}},"1":{"start":{"line":4,"column":6},"end":{"line":7,"column":8}},"2":{"start":{"line":10,"column":6},"end":{"line":10,"column":19}}},"fnMap":{"0":{"name":"filter","decl":{"start":{"line":1,"column":16},"end":{"line":1,"column":22}},"loc":{"start":{"line":1,"column":43},"end":{"line":12,"column":1}},"line":1}},"branchMap":{"0":{"loc":{"start":{"line":1,"column":23},"end":{"line":1,"column":33}},"type":"default-arg","locations":[{"start":{"line":1,"column":31},"end":{"line":1,"column":33}}],"line":1},"1":{"loc":{"start":{"line":2,"column":2},"end":{"line":11,"column":3}},"type":"switch","locations":[{"start":{"line":3,"column":4},"end":{"line":7,"column":8}},{"start":{"line":9,"column":4},"end":{"line":10,"column":19}}],"line":2}},"s":{"0":1,"1":1,"2":0},"f":{"0":1},"b":{"0":[0],"1":[1,0]},"_coverageSchema":"43e27e138ebf9cfc5966b082cf9a028302ed4184","hash":"20a8805e4ae3520eff94f068c8c1d7184ff5a4a0"}
,"D:\\projects\\react_pet\\src\\reducers\\searchReducers.js": {"path":"D:\\projects\\react_pet\\src\\reducers\\searchReducers.js","statementMap":{"0":{"start":{"line":9,"column":2},"end":{"line":25,"column":3}},"1":{"start":{"line":11,"column":6},"end":{"line":16,"column":8}},"2":{"start":{"line":19,"column":6},"end":{"line":22,"column":8}},"3":{"start":{"line":24,"column":6},"end":{"line":24,"column":19}}},"fnMap":{"0":{"name":"search","decl":{"start":{"line":8,"column":16},"end":{"line":8,"column":22}},"loc":{"start":{"line":8,"column":43},"end":{"line":26,"column":1}},"line":8}},"branchMap":{"0":{"loc":{"start":{"line":8,"column":23},"end":{"line":8,"column":33}},"type":"default-arg","locations":[{"start":{"line":8,"column":31},"end":{"line":8,"column":33}}],"line":8},"1":{"loc":{"start":{"line":9,"column":2},"end":{"line":25,"column":3}},"type":"switch","locations":[{"start":{"line":10,"column":4},"end":{"line":16,"column":8}},{"start":{"line":18,"column":4},"end":{"line":22,"column":8}},{"start":{"line":23,"column":4},"end":{"line":24,"column":19}}],"line":9}},"s":{"0":2,"1":1,"2":1,"3":0},"f":{"0":2},"b":{"0":[0],"1":[1,1,0]},"_coverageSchema":"43e27e138ebf9cfc5966b082cf9a028302ed4184","hash":"ffbf524198c7dc58e7ffd3979a295b3b88002260"}
}
