TN:
SF:D:\projects\react_pet\src\js\constants.js
FNF:0
FNH:0
DA:1,2
DA:6,2
DA:11,2
DA:13,2
DA:15,2
DA:17,2
LF:6
LH:6
BRF:0
BRH:0
end_of_record
TN:
SF:D:\projects\react_pet\src\js\helpers.js
FN:3,(anonymous_0)
FN:20,(anonymous_1)
FN:27,(anonymous_2)
FN:30,(anonymous_3)
FNF:4
FNH:3
FNDA:0,(anonymous_0)
FNDA:1,(anonymous_1)
FNDA:3,(anonymous_2)
FNDA:2,(anonymous_3)
DA:3,1
DA:9,0
DA:10,0
DA:13,0
DA:14,0
DA:17,0
DA:20,1
DA:21,1
DA:22,1
DA:24,0
DA:27,1
DA:28,3
DA:29,3
DA:30,1
DA:31,2
DA:33,1
DA:35,2
LF:17
LH:11
BRDA:4,0,0,0
BRDA:7,1,0,0
BRDA:9,2,0,0
BRDA:9,2,1,0
BRDA:13,3,0,0
BRDA:13,3,1,0
BRDA:21,4,0,1
BRDA:21,4,1,0
BRDA:29,5,0,1
BRDA:29,5,1,2
BRDA:29,6,0,3
BRDA:29,6,1,2
BRDA:31,7,0,1
BRDA:31,7,1,1
BRF:14
BRH:7
end_of_record
TN:
SF:D:\projects\react_pet\src\reducers\filterReducer.js
FN:1,filter
FNF:1
FNH:1
FNDA:1,filter
DA:2,1
DA:4,1
DA:10,0
LF:3
LH:2
BRDA:1,0,0,0
BRDA:2,1,0,1
BRDA:2,1,1,0
BRF:3
BRH:1
end_of_record
TN:
SF:D:\projects\react_pet\src\reducers\searchReducers.js
FN:8,search
FNF:1
FNH:1
FNDA:2,search
DA:9,2
DA:11,1
DA:19,1
DA:24,0
LF:4
LH:3
BRDA:8,0,0,0
BRDA:9,1,0,1
BRDA:9,1,1,1
BRDA:9,1,2,0
BRF:4
BRH:2
end_of_record
