TN:
SF:D:\projects\react_pet\src\js\constants.js
FNF:0
FNH:0
DA:1,1
DA:6,1
LF:2
LH:2
BRF:0
BRH:0
end_of_record
TN:
SF:D:\projects\react_pet\src\js\helpers.js
FN:3,(anonymous_0)
FN:7,(anonymous_1)
FN:14,(anonymous_2)
FN:17,(anonymous_3)
FNF:4
FNH:3
FNDA:0,(anonymous_0)
FNDA:1,(anonymous_1)
FNDA:3,(anonymous_2)
FNDA:2,(anonymous_3)
DA:3,1
DA:4,0
DA:7,1
DA:8,1
DA:9,1
DA:11,0
DA:14,1
DA:15,3
DA:16,3
DA:17,1
DA:18,2
DA:20,1
DA:22,2
LF:13
LH:11
BRDA:8,0,0,1
BRDA:8,0,1,0
BRDA:16,1,0,1
BRDA:16,1,1,2
BRDA:16,2,0,3
BRDA:16,2,1,2
BRDA:18,3,0,1
BRDA:18,3,1,1
BRF:8
BRH:7
end_of_record
